<?xml version='1.0' encoding='UTF-8'?>
<testsuite hostname="bora-desktop" name="observatory.CapstoneSuite" tests="3" errors="0" failures="0" skipped="0" time="0.048" timestamp="2020-06-05T22:05:36">
                     <properties>
[...]
</properties>
                     <testcase classname="observatory.CapstoneSuite" name="interpolateColorTest2" time="0.03">
                                                 
                                               </testcase><testcase classname="observatory.CapstoneSuite" name="interpolateColorTest" time="0.008">
                                                 
                                               </testcase><testcase classname="observatory.CapstoneSuite" name="predictTemperatureTest" time="0.01">
                                                 
                                               </testcase>
                     <system-out><![CDATA[]]></system-out>
                     <system-err><![CDATA[]]></system-err>
                   </testsuite>